#
# There is insufficient memory for the Java Runtime Environment to continue.
# Native memory allocation (malloc) failed to allocate 1070896 bytes. Error detail: Chunk::new
# Possible reasons:
#   The system is out of physical RAM or swap space
#   This process is running with CompressedOops enabled, and the Java Heap may be blocking the growth of the native heap
# Possible solutions:
#   Reduce memory load on the system
#   Increase physical memory or swap space
#   Check if swap backing store is full
#   Decrease Java heap size (-Xmx/-Xms)
#   Decrease number of Java threads
#   Decrease Java thread stack sizes (-Xss)
#   Set larger code cache with -XX:ReservedCodeCacheSize=
#   JVM is running with Unscaled Compressed Oops mode in which the Java heap is
#     placed in the first 4GB address space. The Java Heap base address is the
#     maximum limit for the native heap growth. Please use -XX:HeapBaseMinAddress
#     to set the Java Heap base and to place the Java Heap above 4GB virtual address.
# This output file may be truncated or incomplete.
#
#  Out of Memory Error (arena.cpp:168), pid=25764, tid=16656
#
# JRE version: OpenJDK Runtime Environment Temurin-21.0.9+10 (21.0.9+10) (build 21.0.9+10-LTS)
# Java VM: OpenJDK 64-Bit Server VM Temurin-21.0.9+10 (21.0.9+10-LTS, mixed mode, sharing, tiered, compressed oops, compressed class ptrs, parallel gc, windows-amd64)
# No core dump will be written. Minidumps are not enabled by default on client versions of Windows
#

---------------  S U M M A R Y ------------

Command Line: --add-modules=ALL-SYSTEM --add-opens=java.base/java.util=ALL-UNNAMED --add-opens=java.base/java.lang=ALL-UNNAMED --add-opens=java.base/sun.nio.fs=ALL-UNNAMED -Declipse.application=org.eclipse.jdt.ls.core.id1 -Dosgi.bundles.defaultStartLevel=4 -Declipse.product=org.eclipse.jdt.ls.core.product -Djava.import.generatesMetadataFilesAtProjectRoot=false -DDetectVMInstallationsJob.disabled=true -Dfile.encoding=utf8 -XX:+UseParallelGC -XX:GCTimeRatio=4 -XX:AdaptiveSizePolicyWeight=90 -Dsun.zip.disableMemoryMapping=true -Xmx2G -Xms100m -Xlog:disable -javaagent:c:\Users\Admin\.vscode\extensions\redhat.java-1.52.0-win32-x64\lombok\lombok-1.18.39-4050.jar -XX:+HeapDumpOnOutOfMemoryError -XX:HeapDumpPath=c:\Users\Admin\AppData\Roaming\Code\User\workspaceStorage\7e085b9667685a0ddc4c2dbeedeef8bb\redhat.java -Daether.dependencyCollector.impl=bf c:\Users\Admin\.vscode\extensions\redhat.java-1.52.0-win32-x64\server\plugins\org.eclipse.equinox.launcher_1.7.100.v20251111-0406.jar -configuration c:\Users\Admin\AppData\Roaming\Code\User\globalStorage\redhat.java\1.52.0\config_win -data c:\Users\Admin\AppData\Roaming\Code\User\workspaceStorage\7e085b9667685a0ddc4c2dbeedeef8bb\redhat.java\jdt_ws --pipe=\\.\pipe\lsp-f5d83dd959d3598c3c09133a03897f05-sock

Host: AMD Ryzen 5 5600U with Radeon Graphics         , 12 cores, 13G,  Windows 11 , 64 bit Build 26100 (10.0.26100.7623)
Time: Fri Feb  6 21:05:58 2026 SE Asia Standard Time elapsed time: 5.660242 seconds (0d 0h 0m 5s)

---------------  T H R E A D  ---------------

Current thread (0x00000204716cb810):  JavaThread "C2 CompilerThread0" daemon [_thread_in_native, id=16656, stack(0x00000009f5c00000,0x00000009f5d00000) (1024K)]


Current CompileTask:
C2:5660 4286       4       org.eclipse.osgi.internal.serviceregistry.ServiceRegistry::notifyHooksPrivileged (57 bytes)

Stack: [0x00000009f5c00000,0x00000009f5d00000]
Native frames: (J=compiled Java code, j=interpreted, Vv=VM code, C=native code)
V  [jvm.dll+0x6d6e29]
V  [jvm.dll+0x8b4b76]
V  [jvm.dll+0x8b712e]
V  [jvm.dll+0x8b7813]
V  [jvm.dll+0x283d86]
V  [jvm.dll+0xc66ed]
V  [jvm.dll+0xc6c31]
V  [jvm.dll+0x3be501]
V  [jvm.dll+0x38ab92]
V  [jvm.dll+0x389fda]
V  [jvm.dll+0x24bfa0]
V  [jvm.dll+0x24b580]
V  [jvm.dll+0x1cb13e]
V  [jvm.dll+0x25b29d]
V  [jvm.dll+0x25982a]
V  [jvm.dll+0x3f7ea6]
V  [jvm.dll+0x85e9ad]
V  [jvm.dll+0x6d565d]
C  [ucrtbase.dll+0x37b0]
C  [KERNEL32.DLL+0x2e8d7]
C  [ntdll.dll+0x8c53c]


---------------  P R O C E S S  ---------------

Threads class SMR info:
_java_thread_list=0x0000020479144490, length=26, elements={
0x0000020458e0d0a0, 0x0000020458dbc8b0, 0x0000020458dbe8c0, 0x00000204716b47f0,
0x00000204716b5440, 0x00000204716bba40, 0x00000204716c3600, 0x00000204716cb810,
0x00000204716cf030, 0x00000204716cc750, 0x00000204718934e0, 0x00000204760efe50,
0x0000020476920920, 0x000002047693f800, 0x000002047680b860, 0x0000020476808480,
0x0000020477134650, 0x0000020476f45930, 0x0000020476e8ad60, 0x0000020476e8a6d0,
0x0000020476e8b3f0, 0x0000020476e8ce30, 0x00000204716cd4f0, 0x0000020476e8ba80,
0x0000020476e8d4c0, 0x0000020476e8c110
}

Java Threads: ( => current thread )
  0x0000020458e0d0a0 JavaThread "main"                              [_thread_blocked, id=24460, stack(0x00000009f5200000,0x00000009f5300000) (1024K)]
  0x0000020458dbc8b0 JavaThread "Reference Handler"          daemon [_thread_blocked, id=2208, stack(0x00000009f5600000,0x00000009f5700000) (1024K)]
  0x0000020458dbe8c0 JavaThread "Finalizer"                  daemon [_thread_blocked, id=29548, stack(0x00000009f5700000,0x00000009f5800000) (1024K)]
  0x00000204716b47f0 JavaThread "Signal Dispatcher"          daemon [_thread_blocked, id=9852, stack(0x00000009f5800000,0x00000009f5900000) (1024K)]
  0x00000204716b5440 JavaThread "Attach Listener"            daemon [_thread_blocked, id=3696, stack(0x00000009f5900000,0x00000009f5a00000) (1024K)]
  0x00000204716bba40 JavaThread "Service Thread"             daemon [_thread_blocked, id=15724, stack(0x00000009f5a00000,0x00000009f5b00000) (1024K)]
  0x00000204716c3600 JavaThread "Monitor Deflation Thread"   daemon [_thread_blocked, id=13384, stack(0x00000009f5b00000,0x00000009f5c00000) (1024K)]
=>0x00000204716cb810 JavaThread "C2 CompilerThread0"         daemon [_thread_in_native, id=16656, stack(0x00000009f5c00000,0x00000009f5d00000) (1024K)]
  0x00000204716cf030 JavaThread "C1 CompilerThread0"         daemon [_thread_in_native, id=28984, stack(0x00000009f5d00000,0x00000009f5e00000) (1024K)]
  0x00000204716cc750 JavaThread "C2 CompilerThread1"         daemon [_thread_in_native, id=16784, stack(0x00000009f5e00000,0x00000009f5f00000) (1024K)]
  0x00000204718934e0 JavaThread "Common-Cleaner"             daemon [_thread_blocked, id=10192, stack(0x00000009f5f00000,0x00000009f6000000) (1024K)]
  0x00000204760efe50 JavaThread "Notification Thread"        daemon [_thread_blocked, id=10756, stack(0x00000009f6100000,0x00000009f6200000) (1024K)]
  0x0000020476920920 JavaThread "Active Thread: Equinox Container: 56c636f0-7fea-48cc-993d-befadd9d3d15"        [_thread_blocked, id=6244, stack(0x00000009f6900000,0x00000009f6a00000) (1024K)]
  0x000002047693f800 JavaThread "Refresh Thread: Equinox Container: 56c636f0-7fea-48cc-993d-befadd9d3d15" daemon [_thread_blocked, id=8892, stack(0x00000009f6b00000,0x00000009f6c00000) (1024K)]
  0x000002047680b860 JavaThread "Framework Event Dispatcher: Equinox Container: 56c636f0-7fea-48cc-993d-befadd9d3d15" daemon [_thread_blocked, id=22912, stack(0x00000009f6c00000,0x00000009f6d00000) (1024K)]
  0x0000020476808480 JavaThread "Start Level: Equinox Container: 56c636f0-7fea-48cc-993d-befadd9d3d15" daemon [_thread_in_native, id=17140, stack(0x00000009f6d00000,0x00000009f6e00000) (1024K)]
  0x0000020477134650 JavaThread "Bundle File Closer"         daemon [_thread_blocked, id=28884, stack(0x00000009f7000000,0x00000009f7100000) (1024K)]
  0x0000020476f45930 JavaThread "SCR Component Actor"        daemon [_thread_blocked, id=6312, stack(0x00000009f6200000,0x00000009f6300000) (1024K)]
  0x0000020476e8ad60 JavaThread "Worker-JM"                         [_thread_blocked, id=10272, stack(0x00000009f7100000,0x00000009f7200000) (1024K)]
  0x0000020476e8a6d0 JavaThread "JNA Cleaner"                daemon [_thread_blocked, id=27284, stack(0x00000009f7200000,0x00000009f7300000) (1024K)]
  0x0000020476e8b3f0 JavaThread "Worker-0: Updating Maven Dependencies"        [_thread_blocked, id=24980, stack(0x00000009f7300000,0x00000009f7400000) (1024K)]
  0x0000020476e8ce30 JavaThread "Worker-1: Repository registry initialization"        [_thread_in_native, id=22344, stack(0x00000009f7400000,0x00000009f7500000) (1024K)]
  0x00000204716cd4f0 JavaThread "C2 CompilerThread2"         daemon [_thread_in_native, id=4016, stack(0x00000009f7500000,0x00000009f7600000) (1024K)]
  0x0000020476e8ba80 JavaThread "Java indexing"              daemon [_thread_blocked, id=29312, stack(0x00000009f7600000,0x00000009f7700000) (1024K)]
  0x0000020476e8d4c0 JavaThread "Worker-2"                          [_thread_blocked, id=3496, stack(0x00000009f7700000,0x00000009f7800000) (1024K)]
  0x0000020476e8c110 JavaThread "Worker-3"                          [_thread_blocked, id=24044, stack(0x00000009f7800000,0x00000009f7900000) (1024K)]
Total: 26

Other Threads:
  0x0000020458da4200 VMThread "VM Thread"                           [id=26044, stack(0x00000009f5500000,0x00000009f5600000) (1024K)]
  0x0000020458c9ca00 WatcherThread "VM Periodic Task Thread"        [id=12988, stack(0x00000009f5400000,0x00000009f5500000) (1024K)]
  0x0000020458e2af10 WorkerThread "GC Thread#0"                     [id=18260, stack(0x00000009f5300000,0x00000009f5400000) (1024K)]
  0x000002047627b440 WorkerThread "GC Thread#1"                     [id=27140, stack(0x00000009f6300000,0x00000009f6400000) (1024K)]
  0x00000204769c8c20 WorkerThread "GC Thread#2"                     [id=9604, stack(0x00000009f6400000,0x00000009f6500000) (1024K)]
  0x000002047627b7e0 WorkerThread "GC Thread#3"                     [id=1240, stack(0x00000009f6500000,0x00000009f6600000) (1024K)]
  0x000002047627fc80 WorkerThread "GC Thread#4"                     [id=5836, stack(0x00000009f6600000,0x00000009f6700000) (1024K)]
  0x0000020476280020 WorkerThread "GC Thread#5"                     [id=16160, stack(0x00000009f6700000,0x00000009f6800000) (1024K)]
  0x00000204762803c0 WorkerThread "GC Thread#6"                     [id=23380, stack(0x00000009f6800000,0x00000009f6900000) (1024K)]
  0x000002047680fb30 WorkerThread "GC Thread#7"                     [id=6788, stack(0x00000009f6a00000,0x00000009f6b00000) (1024K)]
  0x0000020476a6b560 WorkerThread "GC Thread#8"                     [id=23252, stack(0x00000009f6e00000,0x00000009f6f00000) (1024K)]
  0x0000020476bc0580 WorkerThread "GC Thread#9"                     [id=11112, stack(0x00000009f6f00000,0x00000009f7000000) (1024K)]
Total: 12

Threads with active compile tasks:
C2 CompilerThread0  5690 4286       4       org.eclipse.osgi.internal.serviceregistry.ServiceRegistry::notifyHooksPrivileged (57 bytes)
C1 CompilerThread0  5690 4432       3       sun.nio.fs.WindowsFileSystemProvider::readAttributes (63 bytes)
C2 CompilerThread1  5690 4121       4       org.lombokweb.asm.ClassReader::readMethod (1070 bytes)
C2 CompilerThread2  5690 4372       4       java.util.TreeMap::putIfAbsent (8 bytes)
Total: 4

VM state: not at safepoint (normal execution)

VM Mutex/Monitor currently owned by a thread: None

Heap address: 0x0000000080000000, size: 2048 MB, Compressed Oops mode: 32-bit

CDS archive(s) mapped at: [0x0000020400000000-0x0000020400ba0000-0x0000020400ba0000), size 12189696, SharedBaseAddress: 0x0000020400000000, ArchiveRelocationMode: 1.
Compressed class space mapped at: 0x0000020401000000-0x0000020441000000, reserved size: 1073741824
Narrow klass base: 0x0000020400000000, Narrow klass shift: 0, Narrow klass range: 0x100000000

GC Precious Log:
 CardTable entry size: 512
 CPUs: 12 total, 12 available
 Memory: 14188M
 Large Page Support: Disabled
 NUMA Support: Disabled
 Compressed Oops: Enabled (32-bit)
 Alignments: Space 512K, Generation 512K, Heap 2M
 Heap Min Capacity: 100M
 Heap Initial Capacity: 100M
 Heap Max Capacity: 2G
 Pre-touch: Disabled
 Parallel Workers: 10

Heap:
 PSYoungGen      total 24576K, used 13405K [0x00000000d5580000, 0x00000000d7200000, 0x0000000100000000)
  eden space 22528K, 50% used [0x00000000d5580000,0x00000000d609a650,0x00000000d6b80000)
  from space 2048K, 99% used [0x00000000d6e80000,0x00000000d707ce20,0x00000000d7080000)
  to   space 1536K, 0% used [0x00000000d7080000,0x00000000d7080000,0x00000000d7200000)
 ParOldGen       total 68608K, used 14920K [0x0000000080000000, 0x0000000084300000, 0x00000000d5580000)
  object space 68608K, 21% used [0x0000000080000000,0x0000000080e92060,0x0000000084300000)
 Metaspace       used 29604K, committed 30592K, reserved 1114112K
  class space    used 2910K, committed 3328K, reserved 1048576K

Card table byte_map: [0x00000204587b0000,0x0000020458bc0000] _byte_map_base: 0x00000204583b0000

Marking Bits: (ParMarkBitMap*) 0x00007ff8d5c62460
 Begin Bits: [0x000002046b2c0000, 0x000002046d2c0000)
 End Bits:   [0x000002046d2c0000, 0x000002046f2c0000)

Polling page: 0x0000020456950000

Metaspace:

Usage:
  Non-class:     26.07 MB used.
      Class:      2.84 MB used.
       Both:     28.91 MB used.

Virtual space:
  Non-class space:       64.00 MB reserved,      26.62 MB ( 42%) committed,  1 nodes.
      Class space:        1.00 GB reserved,       3.25 MB ( <1%) committed,  1 nodes.
             Both:        1.06 GB reserved,      29.88 MB (  3%) committed. 

Chunk freelists:
   Non-Class:  4.59 MB
       Class:  12.79 MB
        Both:  17.37 MB

MaxMetaspaceSize: unlimited
CompressedClassSpaceSize: 1.00 GB
Initial GC threshold: 21.00 MB
Current GC threshold: 35.00 MB
CDS: on
 - commit_granule_bytes: 65536.
 - commit_granule_words: 8192.
 - virtual_space_node_default_size: 8388608.
 - enlarge_chunks_in_place: 1.
 - use_allocation_guard: 0.


Internal statistics:

num_allocs_failed_limit: 3.
num_arena_births: 706.
num_arena_deaths: 14.
num_vsnodes_births: 2.
num_vsnodes_deaths: 0.
num_space_committed: 478.
num_space_uncommitted: 0.
num_chunks_returned_to_freelist: 17.
num_chunks_taken_from_freelist: 1876.
num_chunk_merges: 7.
num_chunk_splits: 1223.
num_chunks_enlarged: 791.
num_inconsistent_stats: 0.

CodeHeap 'non-profiled nmethods': size=120000Kb used=2065Kb max_used=2065Kb free=117934Kb
 bounds [0x0000020463ae0000, 0x0000020463d50000, 0x000002046b010000]
CodeHeap 'profiled nmethods': size=120000Kb used=9221Kb max_used=9221Kb free=110778Kb
 bounds [0x000002045c010000, 0x000002045c920000, 0x0000020463540000]
CodeHeap 'non-nmethods': size=5760Kb used=1341Kb max_used=1359Kb free=4418Kb
 bounds [0x0000020463540000, 0x00000204637b0000, 0x0000020463ae0000]
CodeCache: size=245760Kb, used=12627Kb, max_used=12645Kb, free=233130Kb
 total_blobs=5051, nmethods=4419, adapters=538, full_count=0
Compilation: enabled, stopped_count=0, restarted_count=0

Compilation events (20 events):
Event: 4.648 Thread 0x00000204716cf030 nmethod 4363 0x000002045c8f0e90 code [0x000002045c8f1040, 0x000002045c8f11f0]
Event: 4.648 Thread 0x00000204716cf030 4364   !   3       java.util.zip.Inflater::end (37 bytes)
Event: 4.649 Thread 0x00000204716cf030 nmethod 4364 0x000002045c8f1310 code [0x000002045c8f1500, 0x000002045c8f1ab0]
Event: 4.649 Thread 0x00000204716cf030 4365       3       java.util.TimSort::countRunAndMakeAscending (128 bytes)
Event: 4.649 Thread 0x00000204716cf030 nmethod 4365 0x000002045c8f1d90 code [0x000002045c8f1fa0, 0x000002045c8f26a0]
Event: 4.650 Thread 0x00000204716cf030 4366       3       java.lang.Class::newReflectionData (66 bytes)
Event: 4.650 Thread 0x00000204716cf030 nmethod 4366 0x000002045c8f2910 code [0x000002045c8f2b40, 0x000002045c8f3390]
Event: 4.650 Thread 0x00000204716cf030 4367   !   3       java.nio.ByteBuffer::wrap (21 bytes)
Event: 4.651 Thread 0x00000204716cf030 nmethod 4367 0x000002045c8f3690 code [0x000002045c8f3860, 0x000002045c8f3b10]
Event: 4.651 Thread 0x00000204716cf030 4368       3       java.nio.HeapByteBuffer::<init> (23 bytes)
Event: 4.651 Thread 0x00000204716cf030 nmethod 4368 0x000002045c8f3c90 code [0x000002045c8f3e40, 0x000002045c8f3fc0]
Event: 4.651 Thread 0x00000204716cf030 4369       1       java.lang.reflect.Constructor::getConstructorAccessor (5 bytes)
Event: 4.651 Thread 0x00000204716cf030 nmethod 4369 0x0000020463cddd90 code [0x0000020463cddf20, 0x0000020463cddfe8]
Event: 4.651 Thread 0x00000204716cf030 4371       3       java.lang.reflect.Constructor::setConstructorAccessor (20 bytes)
Event: 4.651 Thread 0x00000204716cf030 nmethod 4371 0x000002045c8f4090 code [0x000002045c8f4240, 0x000002045c8f4480]
Event: 4.651 Thread 0x00000204716cf030 4370       1       java.lang.reflect.Constructor::getRoot (5 bytes)
Event: 4.651 Thread 0x00000204716cf030 nmethod 4370 0x0000020463cde090 code [0x0000020463cde220, 0x0000020463cde2e8]
Event: 4.653 Thread 0x00000204716cd4f0 nmethod 4346 0x0000020463cde390 code [0x0000020463cde5a0, 0x0000020463cded88]
Event: 4.653 Thread 0x00000204716cd4f0 4341       4       java.lang.String$CaseInsensitiveComparator::compare (13 bytes)
Event: 4.655 Thread 0x00000204716cf030 4374       3       jdk.internal.loader.BuiltinClassLoader::findResources (182 bytes)

GC Heap History (20 events):
Event: 2.046 GC heap before
{Heap before GC invocations=3 (full 0):
 PSYoungGen      total 29696K, used 29672K [0x00000000d5580000, 0x00000000d7680000, 0x0000000100000000)
  eden space 25600K, 99% used [0x00000000d5580000,0x00000000d6e7cb60,0x00000000d6e80000)
  from space 4096K, 99% used [0x00000000d7280000,0x00000000d767d810,0x00000000d7680000)
  to   space 4096K, 0% used [0x00000000d6e80000,0x00000000d6e80000,0x00000000d7280000)
 ParOldGen       total 68608K, used 2049K [0x0000000080000000, 0x0000000084300000, 0x00000000d5580000)
  object space 68608K, 2% used [0x0000000080000000,0x00000000802006a8,0x0000000084300000)
 Metaspace       used 9514K, committed 9856K, reserved 1114112K
  class space    used 1017K, committed 1152K, reserved 1048576K
}
Event: 2.052 GC heap after
{Heap after GC invocations=3 (full 0):
 PSYoungGen      total 29696K, used 4089K [0x00000000d5580000, 0x00000000d7680000, 0x0000000100000000)
  eden space 25600K, 0% used [0x00000000d5580000,0x00000000d5580000,0x00000000d6e80000)
  from space 4096K, 99% used [0x00000000d6e80000,0x00000000d727e600,0x00000000d7280000)
  to   space 4096K, 0% used [0x00000000d7280000,0x00000000d7280000,0x00000000d7680000)
 ParOldGen       total 68608K, used 4738K [0x0000000080000000, 0x0000000084300000, 0x00000000d5580000)
  object space 68608K, 6% used [0x0000000080000000,0x00000000804a0b68,0x0000000084300000)
 Metaspace       used 9514K, committed 9856K, reserved 1114112K
  class space    used 1017K, committed 1152K, reserved 1048576K
}
Event: 2.564 GC heap before
{Heap before GC invocations=4 (full 0):
 PSYoungGen      total 29696K, used 29689K [0x00000000d5580000, 0x00000000d7680000, 0x0000000100000000)
  eden space 25600K, 100% used [0x00000000d5580000,0x00000000d6e80000,0x00000000d6e80000)
  from space 4096K, 99% used [0x00000000d6e80000,0x00000000d727e600,0x00000000d7280000)
  to   space 4096K, 0% used [0x00000000d7280000,0x00000000d7280000,0x00000000d7680000)
 ParOldGen       total 68608K, used 4738K [0x0000000080000000, 0x0000000084300000, 0x00000000d5580000)
  object space 68608K, 6% used [0x0000000080000000,0x00000000804a0b68,0x0000000084300000)
 Metaspace       used 11724K, committed 12096K, reserved 1114112K
  class space    used 1237K, committed 1408K, reserved 1048576K
}
Event: 2.569 GC heap after
{Heap after GC invocations=4 (full 0):
 PSYoungGen      total 29696K, used 4086K [0x00000000d5580000, 0x00000000d7680000, 0x0000000100000000)
  eden space 25600K, 0% used [0x00000000d5580000,0x00000000d5580000,0x00000000d6e80000)
  from space 4096K, 99% used [0x00000000d7280000,0x00000000d767db90,0x00000000d7680000)
  to   space 4096K, 0% used [0x00000000d6e80000,0x00000000d6e80000,0x00000000d7280000)
 ParOldGen       total 68608K, used 6693K [0x0000000080000000, 0x0000000084300000, 0x00000000d5580000)
  object space 68608K, 9% used [0x0000000080000000,0x00000000806897e8,0x0000000084300000)
 Metaspace       used 11724K, committed 12096K, reserved 1114112K
  class space    used 1237K, committed 1408K, reserved 1048576K
}
Event: 3.053 GC heap before
{Heap before GC invocations=5 (full 0):
 PSYoungGen      total 29696K, used 29686K [0x00000000d5580000, 0x00000000d7680000, 0x0000000100000000)
  eden space 25600K, 100% used [0x00000000d5580000,0x00000000d6e80000,0x00000000d6e80000)
  from space 4096K, 99% used [0x00000000d7280000,0x00000000d767db90,0x00000000d7680000)
  to   space 4096K, 0% used [0x00000000d6e80000,0x00000000d6e80000,0x00000000d7280000)
 ParOldGen       total 68608K, used 6693K [0x0000000080000000, 0x0000000084300000, 0x00000000d5580000)
  object space 68608K, 9% used [0x0000000080000000,0x00000000806897e8,0x0000000084300000)
 Metaspace       used 14773K, committed 15296K, reserved 1114112K
  class space    used 1509K, committed 1728K, reserved 1048576K
}
Event: 3.056 GC heap after
{Heap after GC invocations=5 (full 0):
 PSYoungGen      total 29184K, used 4080K [0x00000000d5580000, 0x00000000d7900000, 0x0000000100000000)
  eden space 25088K, 0% used [0x00000000d5580000,0x00000000d5580000,0x00000000d6e00000)
  from space 4096K, 99% used [0x00000000d6e80000,0x00000000d727c1f8,0x00000000d7280000)
  to   space 5632K, 0% used [0x00000000d7380000,0x00000000d7380000,0x00000000d7900000)
 ParOldGen       total 68608K, used 7511K [0x0000000080000000, 0x0000000084300000, 0x00000000d5580000)
  object space 68608K, 10% used [0x0000000080000000,0x0000000080755ca0,0x0000000084300000)
 Metaspace       used 14773K, committed 15296K, reserved 1114112K
  class space    used 1509K, committed 1728K, reserved 1048576K
}
Event: 3.558 GC heap before
{Heap before GC invocations=6 (full 0):
 PSYoungGen      total 29184K, used 29168K [0x00000000d5580000, 0x00000000d7900000, 0x0000000100000000)
  eden space 25088K, 100% used [0x00000000d5580000,0x00000000d6e00000,0x00000000d6e00000)
  from space 4096K, 99% used [0x00000000d6e80000,0x00000000d727c1f8,0x00000000d7280000)
  to   space 5632K, 0% used [0x00000000d7380000,0x00000000d7380000,0x00000000d7900000)
 ParOldGen       total 68608K, used 7511K [0x0000000080000000, 0x0000000084300000, 0x00000000d5580000)
  object space 68608K, 10% used [0x0000000080000000,0x0000000080755ca0,0x0000000084300000)
 Metaspace       used 18271K, committed 18944K, reserved 1114112K
  class space    used 1901K, committed 2176K, reserved 1048576K
}
Event: 3.563 GC heap after
{Heap after GC invocations=6 (full 0):
 PSYoungGen      total 29696K, used 4974K [0x00000000d5580000, 0x00000000d7880000, 0x0000000100000000)
  eden space 24576K, 0% used [0x00000000d5580000,0x00000000d5580000,0x00000000d6d80000)
  from space 5120K, 97% used [0x00000000d7380000,0x00000000d785ba58,0x00000000d7880000)
  to   space 5120K, 0% used [0x00000000d6e80000,0x00000000d6e80000,0x00000000d7380000)
 ParOldGen       total 68608K, used 7519K [0x0000000080000000, 0x0000000084300000, 0x00000000d5580000)
  object space 68608K, 10% used [0x0000000080000000,0x0000000080757ca0,0x0000000084300000)
 Metaspace       used 18271K, committed 18944K, reserved 1114112K
  class space    used 1901K, committed 2176K, reserved 1048576K
}
Event: 3.834 GC heap before
{Heap before GC invocations=7 (full 0):
 PSYoungGen      total 29696K, used 29550K [0x00000000d5580000, 0x00000000d7880000, 0x0000000100000000)
  eden space 24576K, 100% used [0x00000000d5580000,0x00000000d6d80000,0x00000000d6d80000)
  from space 5120K, 97% used [0x00000000d7380000,0x00000000d785ba58,0x00000000d7880000)
  to   space 5120K, 0% used [0x00000000d6e80000,0x00000000d6e80000,0x00000000d7380000)
 ParOldGen       total 68608K, used 7519K [0x0000000080000000, 0x0000000084300000, 0x00000000d5580000)
  object space 68608K, 10% used [0x0000000080000000,0x0000000080757ca0,0x0000000084300000)
 Metaspace       used 20580K, committed 21440K, reserved 1114112K
  class space    used 2168K, committed 2496K, reserved 1048576K
}
Event: 3.837 GC heap after
{Heap after GC invocations=7 (full 0):
 PSYoungGen      total 29184K, used 4683K [0x00000000d5580000, 0x00000000d7700000, 0x0000000100000000)
  eden space 24064K, 0% used [0x00000000d5580000,0x00000000d5580000,0x00000000d6d00000)
  from space 5120K, 91% used [0x00000000d6e80000,0x00000000d7312e10,0x00000000d7380000)
  to   space 3584K, 0% used [0x00000000d7380000,0x00000000d7380000,0x00000000d7700000)
 ParOldGen       total 68608K, used 9120K [0x0000000080000000, 0x0000000084300000, 0x00000000d5580000)
  object space 68608K, 13% used [0x0000000080000000,0x00000000808e8250,0x0000000084300000)
 Metaspace       used 20580K, committed 21440K, reserved 1114112K
  class space    used 2168K, committed 2496K, reserved 1048576K
}
Event: 3.849 GC heap before
{Heap before GC invocations=8 (full 0):
 PSYoungGen      total 29184K, used 6003K [0x00000000d5580000, 0x00000000d7700000, 0x0000000100000000)
  eden space 24064K, 5% used [0x00000000d5580000,0x00000000d56c9f68,0x00000000d6d00000)
  from space 5120K, 91% used [0x00000000d6e80000,0x00000000d7312e10,0x00000000d7380000)
  to   space 3584K, 0% used [0x00000000d7380000,0x00000000d7380000,0x00000000d7700000)
 ParOldGen       total 68608K, used 9120K [0x0000000080000000, 0x0000000084300000, 0x00000000d5580000)
  object space 68608K, 13% used [0x0000000080000000,0x00000000808e8250,0x0000000084300000)
 Metaspace       used 20694K, committed 21504K, reserved 1114112K
  class space    used 2180K, committed 2496K, reserved 1048576K
}
Event: 3.851 GC heap after
{Heap after GC invocations=8 (full 0):
 PSYoungGen      total 27648K, used 3572K [0x00000000d5580000, 0x00000000d7700000, 0x0000000100000000)
  eden space 24064K, 0% used [0x00000000d5580000,0x00000000d5580000,0x00000000d6d00000)
  from space 3584K, 99% used [0x00000000d7380000,0x00000000d76fd078,0x00000000d7700000)
  to   space 5120K, 0% used [0x00000000d6d00000,0x00000000d6d00000,0x00000000d7200000)
 ParOldGen       total 68608K, used 10134K [0x0000000080000000, 0x0000000084300000, 0x00000000d5580000)
  object space 68608K, 14% used [0x0000000080000000,0x00000000809e59c0,0x0000000084300000)
 Metaspace       used 20694K, committed 21504K, reserved 1114112K
  class space    used 2180K, committed 2496K, reserved 1048576K
}
Event: 3.851 GC heap before
{Heap before GC invocations=9 (full 1):
 PSYoungGen      total 27648K, used 3572K [0x00000000d5580000, 0x00000000d7700000, 0x0000000100000000)
  eden space 24064K, 0% used [0x00000000d5580000,0x00000000d5580000,0x00000000d6d00000)
  from space 3584K, 99% used [0x00000000d7380000,0x00000000d76fd078,0x00000000d7700000)
  to   space 5120K, 0% used [0x00000000d6d00000,0x00000000d6d00000,0x00000000d7200000)
 ParOldGen       total 68608K, used 10134K [0x0000000080000000, 0x0000000084300000, 0x00000000d5580000)
  object space 68608K, 14% used [0x0000000080000000,0x00000000809e59c0,0x0000000084300000)
 Metaspace       used 20694K, committed 21504K, reserved 1114112K
  class space    used 2180K, committed 2496K, reserved 1048576K
}
Event: 3.878 GC heap after
{Heap after GC invocations=9 (full 1):
 PSYoungGen      total 27648K, used 0K [0x00000000d5580000, 0x00000000d7700000, 0x0000000100000000)
  eden space 24064K, 0% used [0x00000000d5580000,0x00000000d5580000,0x00000000d6d00000)
  from space 3584K, 0% used [0x00000000d7380000,0x00000000d7380000,0x00000000d7700000)
  to   space 5120K, 0% used [0x00000000d6d00000,0x00000000d6d00000,0x00000000d7200000)
 ParOldGen       total 68608K, used 13108K [0x0000000080000000, 0x0000000084300000, 0x00000000d5580000)
  object space 68608K, 19% used [0x0000000080000000,0x0000000080ccd2b8,0x0000000084300000)
 Metaspace       used 20681K, committed 21504K, reserved 1114112K
  class space    used 2177K, committed 2496K, reserved 1048576K
}
Event: 4.036 GC heap before
{Heap before GC invocations=10 (full 1):
 PSYoungGen      total 27648K, used 24064K [0x00000000d5580000, 0x00000000d7700000, 0x0000000100000000)
  eden space 24064K, 100% used [0x00000000d5580000,0x00000000d6d00000,0x00000000d6d00000)
  from space 3584K, 0% used [0x00000000d7380000,0x00000000d7380000,0x00000000d7700000)
  to   space 5120K, 0% used [0x00000000d6d00000,0x00000000d6d00000,0x00000000d7200000)
 ParOldGen       total 68608K, used 13108K [0x0000000080000000, 0x0000000084300000, 0x00000000d5580000)
  object space 68608K, 19% used [0x0000000080000000,0x0000000080ccd2b8,0x0000000084300000)
 Metaspace       used 22994K, committed 23808K, reserved 1114112K
  class space    used 2339K, committed 2688K, reserved 1048576K
}
Event: 4.037 GC heap after
{Heap after GC invocations=10 (full 1):
 PSYoungGen      total 24576K, used 1015K [0x00000000d5580000, 0x00000000d7400000, 0x0000000100000000)
  eden space 23552K, 0% used [0x00000000d5580000,0x00000000d5580000,0x00000000d6c80000)
  from space 1024K, 99% used [0x00000000d6d00000,0x00000000d6dfdcb8,0x00000000d6e00000)
  to   space 2560K, 0% used [0x00000000d7180000,0x00000000d7180000,0x00000000d7400000)
 ParOldGen       total 68608K, used 13116K [0x0000000080000000, 0x0000000084300000, 0x00000000d5580000)
  object space 68608K, 19% used [0x0000000080000000,0x0000000080ccf2b8,0x0000000084300000)
 Metaspace       used 22994K, committed 23808K, reserved 1114112K
  class space    used 2339K, committed 2688K, reserved 1048576K
}
Event: 4.234 GC heap before
{Heap before GC invocations=11 (full 1):
 PSYoungGen      total 24576K, used 23840K [0x00000000d5580000, 0x00000000d7400000, 0x0000000100000000)
  eden space 23552K, 96% used [0x00000000d5580000,0x00000000d6bca608,0x00000000d6c80000)
  from space 1024K, 99% used [0x00000000d6d00000,0x00000000d6dfdcb8,0x00000000d6e00000)
  to   space 2560K, 0% used [0x00000000d7180000,0x00000000d7180000,0x00000000d7400000)
 ParOldGen       total 68608K, used 13116K [0x0000000080000000, 0x0000000084300000, 0x00000000d5580000)
  object space 68608K, 19% used [0x0000000080000000,0x0000000080ccf2b8,0x0000000084300000)
 Metaspace       used 26327K, committed 27136K, reserved 1114112K
  class space    used 2603K, committed 2944K, reserved 1048576K
}
Event: 4.236 GC heap after
{Heap after GC invocations=11 (full 1):
 PSYoungGen      total 25088K, used 1966K [0x00000000d5580000, 0x00000000d7380000, 0x0000000100000000)
  eden space 23040K, 0% used [0x00000000d5580000,0x00000000d5580000,0x00000000d6c00000)
  from space 2048K, 95% used [0x00000000d7180000,0x00000000d736b840,0x00000000d7380000)
  to   space 2560K, 0% used [0x00000000d6e80000,0x00000000d6e80000,0x00000000d7100000)
 ParOldGen       total 68608K, used 13116K [0x0000000080000000, 0x0000000084300000, 0x00000000d5580000)
  object space 68608K, 19% used [0x0000000080000000,0x0000000080ccf2b8,0x0000000084300000)
 Metaspace       used 26327K, committed 27136K, reserved 1114112K
  class space    used 2603K, committed 2944K, reserved 1048576K
}
Event: 4.446 GC heap before
{Heap before GC invocations=12 (full 1):
 PSYoungGen      total 25088K, used 25006K [0x00000000d5580000, 0x00000000d7380000, 0x0000000100000000)
  eden space 23040K, 100% used [0x00000000d5580000,0x00000000d6c00000,0x00000000d6c00000)
  from space 2048K, 95% used [0x00000000d7180000,0x00000000d736b840,0x00000000d7380000)
  to   space 2560K, 0% used [0x00000000d6e80000,0x00000000d6e80000,0x00000000d7100000)
 ParOldGen       total 68608K, used 13116K [0x0000000080000000, 0x0000000084300000, 0x00000000d5580000)
  object space 68608K, 19% used [0x0000000080000000,0x0000000080ccf2b8,0x0000000084300000)
 Metaspace       used 27710K, committed 28544K, reserved 1114112K
  class space    used 2702K, committed 3072K, reserved 1048576K
}
Event: 4.449 GC heap after
{Heap after GC invocations=12 (full 1):
 PSYoungGen      total 24576K, used 2035K [0x00000000d5580000, 0x00000000d7200000, 0x0000000100000000)
  eden space 22528K, 0% used [0x00000000d5580000,0x00000000d5580000,0x00000000d6b80000)
  from space 2048K, 99% used [0x00000000d6e80000,0x00000000d707ce20,0x00000000d7080000)
  to   space 1536K, 0% used [0x00000000d7080000,0x00000000d7080000,0x00000000d7200000)
 ParOldGen       total 68608K, used 14920K [0x0000000080000000, 0x0000000084300000, 0x00000000d5580000)
  object space 68608K, 21% used [0x0000000080000000,0x0000000080e92060,0x0000000084300000)
 Metaspace       used 27710K, committed 28544K, reserved 1114112K
  class space    used 2702K, committed 3072K, reserved 1048576K
}

Dll operation events (10 events):
Event: 0.016 Loaded shared library c:\Users\Admin\.vscode\extensions\redhat.java-1.52.0-win32-x64\jre\21.0.9-win32-x86_64\bin\java.dll
Event: 0.091 Loaded shared library c:\Users\Admin\.vscode\extensions\redhat.java-1.52.0-win32-x64\jre\21.0.9-win32-x86_64\bin\zip.dll
Event: 0.114 Loaded shared library C:\Users\Admin\.vscode\extensions\redhat.java-1.52.0-win32-x64\jre\21.0.9-win32-x86_64\bin\instrument.dll
Event: 0.120 Loaded shared library C:\Users\Admin\.vscode\extensions\redhat.java-1.52.0-win32-x64\jre\21.0.9-win32-x86_64\bin\net.dll
Event: 0.122 Loaded shared library C:\Users\Admin\.vscode\extensions\redhat.java-1.52.0-win32-x64\jre\21.0.9-win32-x86_64\bin\nio.dll
Event: 0.125 Loaded shared library C:\Users\Admin\.vscode\extensions\redhat.java-1.52.0-win32-x64\jre\21.0.9-win32-x86_64\bin\zip.dll
Event: 0.147 Loaded shared library C:\Users\Admin\.vscode\extensions\redhat.java-1.52.0-win32-x64\jre\21.0.9-win32-x86_64\bin\jimage.dll
Event: 0.248 Loaded shared library c:\Users\Admin\.vscode\extensions\redhat.java-1.52.0-win32-x64\jre\21.0.9-win32-x86_64\bin\verify.dll
Event: 1.537 Loaded shared library C:\Users\Admin\AppData\Roaming\Code\User\globalStorage\redhat.java\1.52.0\config_win\org.eclipse.equinox.launcher\org.eclipse.equinox.launcher.win32.win32.x86_64_1.2.1500.v20260121-1430\eclipse_11919.dll
Event: 3.392 Loaded shared library C:\Users\Admin\AppData\Local\Temp\jna-63116079\jna11228233800321432261.dll

Deoptimization events (20 events):
Event: 4.481 Thread 0x0000020476808480 DEOPT PACKING pc=0x0000020463b9ba98 sp=0x00000009f6dfd900
Event: 4.481 Thread 0x0000020476808480 DEOPT UNPACKING pc=0x0000020463593aa2 sp=0x00000009f6dfd800 mode 2
Event: 4.481 Thread 0x0000020476808480 Uncommon trap: trap_request=0xffffffc6 fr.pc=0x0000020463b9ba98 relative=0x0000000000000a98
Event: 4.481 Thread 0x0000020476808480 Uncommon trap: reason=bimorphic_or_optimized_type_check action=maybe_recompile pc=0x0000020463b9ba98 method=java.util.HashMap.putVal(ILjava/lang/Object;Ljava/lang/Object;ZZ)Ljava/lang/Object; @ 56 c2
Event: 4.481 Thread 0x0000020476808480 DEOPT PACKING pc=0x0000020463b9ba98 sp=0x00000009f6dfd900
Event: 4.481 Thread 0x0000020476808480 DEOPT UNPACKING pc=0x0000020463593aa2 sp=0x00000009f6dfd800 mode 2
Event: 4.481 Thread 0x0000020476808480 Uncommon trap: trap_request=0xffffffc6 fr.pc=0x0000020463b9baec relative=0x0000000000000aec
Event: 4.481 Thread 0x0000020476808480 Uncommon trap: reason=bimorphic_or_optimized_type_check action=maybe_recompile pc=0x0000020463b9baec method=java.util.HashMap.putVal(ILjava/lang/Object;Ljava/lang/Object;ZZ)Ljava/lang/Object; @ 152 c2
Event: 4.481 Thread 0x0000020476808480 DEOPT PACKING pc=0x0000020463b9baec sp=0x00000009f6dfd900
Event: 4.481 Thread 0x0000020476808480 DEOPT UNPACKING pc=0x0000020463593aa2 sp=0x00000009f6dfd808 mode 2
Event: 4.481 Thread 0x0000020476808480 Uncommon trap: trap_request=0xffffffc6 fr.pc=0x0000020463b9ba98 relative=0x0000000000000a98
Event: 4.481 Thread 0x0000020476808480 Uncommon trap: reason=bimorphic_or_optimized_type_check action=maybe_recompile pc=0x0000020463b9ba98 method=java.util.HashMap.putVal(ILjava/lang/Object;Ljava/lang/Object;ZZ)Ljava/lang/Object; @ 56 c2
Event: 4.481 Thread 0x0000020476808480 DEOPT PACKING pc=0x0000020463b9ba98 sp=0x00000009f6dfd900
Event: 4.481 Thread 0x0000020476808480 DEOPT UNPACKING pc=0x0000020463593aa2 sp=0x00000009f6dfd800 mode 2
Event: 4.578 Thread 0x0000020476808480 DEOPT PACKING pc=0x000002045c3d61d9 sp=0x00000009f6dfda10
Event: 4.579 Thread 0x0000020476808480 DEOPT UNPACKING pc=0x0000020463594242 sp=0x00000009f6dfcea8 mode 0
Event: 4.593 Thread 0x0000020476808480 Uncommon trap: trap_request=0xffffff45 fr.pc=0x0000020463c304d4 relative=0x00000000000002f4
Event: 4.593 Thread 0x0000020476808480 Uncommon trap: reason=unstable_if action=reinterpret pc=0x0000020463c304d4 method=java.util.Properties.getProperty(Ljava/lang/String;)Ljava/lang/String; @ 36 c2
Event: 4.593 Thread 0x0000020476808480 DEOPT PACKING pc=0x0000020463c304d4 sp=0x00000009f6dfe070
Event: 4.593 Thread 0x0000020476808480 DEOPT UNPACKING pc=0x0000020463593aa2 sp=0x00000009f6dfe018 mode 2

Classes loaded (20 events):
Event: 4.639 Loading class sun/nio/cs/DoubleByte$Encoder done
Event: 4.640 Loading class sun/nio/cs/MS1251
Event: 4.640 Loading class sun/nio/cs/MS1251 done
Event: 4.640 Loading class sun/nio/cs/MS1250
Event: 4.640 Loading class sun/nio/cs/MS1250 done
Event: 4.641 Loading class sun/nio/cs/ISO_8859_2
Event: 4.641 Loading class sun/nio/cs/ISO_8859_2 done
Event: 4.646 Loading class sun/nio/cs/ISO_8859_4
Event: 4.647 Loading class sun/nio/cs/ISO_8859_4 done
Event: 4.647 Loading class sun/nio/cs/ISO_8859_5
Event: 4.647 Loading class sun/nio/cs/ISO_8859_5 done
Event: 4.648 Loading class sun/nio/cs/ISO_8859_9
Event: 4.648 Loading class sun/nio/cs/ISO_8859_9 done
Event: 4.648 Loading class sun/nio/cs/ISO_8859_7
Event: 4.649 Loading class sun/nio/cs/ISO_8859_7 done
Event: 4.649 Loading class sun/nio/cs/IBM850
Event: 4.649 Loading class sun/nio/cs/IBM850 done
Event: 4.651 Loading class sun/nio/cs/SJIS
Event: 4.651 Loading class sun/nio/cs/SJIS done
Event: 4.656 Loading class sun/nio/cs/KOI8_R

Classes unloaded (7 events):
Event: 3.855 Thread 0x0000020458da4200 Unloading class 0x00000204011a8800 'java/lang/invoke/LambdaForm$MH+0x00000204011a8800'
Event: 3.855 Thread 0x0000020458da4200 Unloading class 0x00000204011a8400 'java/lang/invoke/LambdaForm$MH+0x00000204011a8400'
Event: 3.855 Thread 0x0000020458da4200 Unloading class 0x00000204011a8000 'java/lang/invoke/LambdaForm$MH+0x00000204011a8000'
Event: 3.855 Thread 0x0000020458da4200 Unloading class 0x00000204011a7c00 'java/lang/invoke/LambdaForm$MH+0x00000204011a7c00'
Event: 3.855 Thread 0x0000020458da4200 Unloading class 0x00000204011a7800 'java/lang/invoke/LambdaForm$BMH+0x00000204011a7800'
Event: 3.855 Thread 0x0000020458da4200 Unloading class 0x00000204011a7400 'java/lang/invoke/LambdaForm$DMH+0x00000204011a7400'
Event: 3.855 Thread 0x0000020458da4200 Unloading class 0x00000204011a6000 'java/lang/invoke/LambdaForm$DMH+0x00000204011a6000'

Classes redefined (0 events):
No events

Internal exceptions (20 events):
Event: 3.456 Thread 0x0000020476808480 Exception <a 'java/lang/IncompatibleClassChangeError'{0x00000000d669f380}: Found class java.lang.Object, but interface was expected> (0x00000000d669f380) 
thrown [s\src\hotspot\share\interpreter\linkResolver.cpp, line 840]
Event: 3.458 Thread 0x0000020476808480 Exception <a 'java/lang/NoSuchMethodError'{0x00000000d66aea70}: 'java.lang.Object java.lang.invoke.DirectMethodHandle$Holder.invokeSpecial(java.lang.Object, java.lang.Object, java.lang.Object, int, java.lang.Object, java.lang.Object)'> (0x00000000d66aea70) 
thrown [s\src\hotspot\share\interpreter\linkResolver.cpp, line 773]
Event: 3.458 Thread 0x0000020476808480 Exception <a 'java/lang/NoSuchMethodError'{0x00000000d66b6488}: 'java.lang.Object java.lang.invoke.DirectMethodHandle$Holder.newInvokeSpecial(java.lang.Object, java.lang.Object, java.lang.Object, int, java.lang.Object)'> (0x00000000d66b6488) 
thrown [s\src\hotspot\share\interpreter\linkResolver.cpp, line 773]
Event: 3.459 Thread 0x0000020476808480 Exception <a 'java/lang/NoSuchMethodError'{0x00000000d66ba408}: 'java.lang.Object java.lang.invoke.DirectMethodHandle$Holder.invokeSpecial(java.lang.Object, java.lang.Object, java.lang.Object, java.lang.Object, int, java.lang.Object)'> (0x00000000d66ba408) 
thrown [s\src\hotspot\share\interpreter\linkResolver.cpp, line 773]
Event: 3.459 Thread 0x0000020476808480 Exception <a 'java/lang/NoSuchMethodError'{0x00000000d66bdf48}: 'java.lang.Object java.lang.invoke.Invokers$Holder.linkToTargetMethod(java.lang.Object, java.lang.Object, int, java.lang.Object, java.lang.Object)'> (0x00000000d66bdf48) 
thrown [s\src\hotspot\share\interpreter\linkResolver.cpp, line 773]
Event: 3.459 Thread 0x0000020476e8b3f0 Exception <a 'java/lang/NoSuchMethodError'{0x00000000d65bb078}: 'java.lang.Object java.lang.invoke.DirectMethodHandle$Holder.invokeSpecial(java.lang.Object, java.lang.Object, int, java.lang.Object, java.lang.Object)'> (0x00000000d65bb078) 
thrown [s\src\hotspot\share\interpreter\linkResolver.cpp, line 773]
Event: 3.472 Thread 0x0000020476808480 Exception <a 'java/lang/NoSuchMethodError'{0x00000000d67ca8b0}: 'void java.lang.invoke.DirectMethodHandle$Holder.invokeSpecial(java.lang.Object, java.lang.Object, java.lang.Object, java.lang.Object, java.lang.Object)'> (0x00000000d67ca8b0) 
thrown [s\src\hotspot\share\interpreter\linkResolver.cpp, line 773]
Event: 3.588 Thread 0x0000020476808480 Exception <a 'java/lang/NoSuchMethodError'{0x00000000d5759510}: 'java.lang.Object java.lang.invoke.DirectMethodHandle$Holder.invokeInterface(java.lang.Object, java.lang.Object, java.lang.Object)'> (0x00000000d5759510) 
thrown [s\src\hotspot\share\interpreter\linkResolver.cpp, line 773]
Event: 3.664 Thread 0x0000020476808480 Exception <a 'java/lang/NoSuchMethodError'{0x00000000d5be2d50}: 'java.lang.Object java.lang.invoke.Invokers$Holder.linkToTargetMethod(java.lang.Object, long, java.lang.Object, java.lang.Object)'> (0x00000000d5be2d50) 
thrown [s\src\hotspot\share\interpreter\linkResolver.cpp, line 773]
Event: 3.731 Thread 0x0000020476808480 Exception <a 'java/io/FileNotFoundException'{0x00000000d63966a8}> (0x00000000d63966a8) 
thrown [s\src\hotspot\share\prims\jni.cpp, line 520]
Event: 3.732 Thread 0x0000020476808480 Exception <a 'java/lang/NoSuchMethodError'{0x00000000d639ec60}: 'java.lang.Object java.lang.invoke.DirectMethodHandle$Holder.newInvokeSpecial(java.lang.Object, int, java.lang.Object, java.lang.Object)'> (0x00000000d639ec60) 
thrown [s\src\hotspot\share\interpreter\linkResolver.cpp, line 773]
Event: 3.816 Thread 0x0000020476808480 Exception <a 'java/lang/NoSuchMethodError'{0x00000000d6c1b170}: 'long java.lang.invoke.DirectMethodHandle$Holder.invokeSpecial(java.lang.Object, java.lang.Object)'> (0x00000000d6c1b170) 
thrown [s\src\hotspot\share\interpreter\linkResolver.cpp, line 773]
Event: 3.817 Thread 0x0000020476808480 Exception <a 'java/lang/NoSuchMethodError'{0x00000000d6c1f308}: 'long java.lang.invoke.Invokers$Holder.invokeExact_MT(java.lang.Object, java.lang.Object)'> (0x00000000d6c1f308) 
thrown [s\src\hotspot\share\interpreter\linkResolver.cpp, line 773]
Event: 3.924 Thread 0x0000020476808480 Exception <a 'java/lang/NoSuchMethodError'{0x00000000d58e2fc0}: 'double java.lang.invoke.DirectMethodHandle$Holder.invokeStatic(java.lang.Object, java.lang.Object)'> (0x00000000d58e2fc0) 
thrown [s\src\hotspot\share\interpreter\linkResolver.cpp, line 773]
Event: 3.924 Thread 0x0000020476808480 Exception <a 'java/lang/NoSuchMethodError'{0x00000000d58e6650}: 'double java.lang.invoke.DirectMethodHandle$Holder.invokeStaticInit(java.lang.Object, java.lang.Object)'> (0x00000000d58e6650) 
thrown [s\src\hotspot\share\interpreter\linkResolver.cpp, line 773]
Event: 4.148 Thread 0x0000020476808480 Implicit null exception at 0x0000020463cb4e75 to 0x0000020463cb4f50
Event: 4.402 Thread 0x0000020476808480 Exception <a 'java/lang/ClassNotFoundException'{0x00000000d693e720}: com/sun/org/apache/xerces/internal/impl/msg/spi/DOMMessagesProvider> (0x00000000d693e720) 
thrown [s\src\hotspot\share\classfile\systemDictionary.cpp, line 312]
Event: 4.403 Thread 0x0000020476808480 Exception <a 'java/lang/ClassNotFoundException'{0x00000000d694fed8}: com/sun/org/apache/xerces/internal/impl/msg/spi/XMLSerializerMessagesProvider> (0x00000000d694fed8) 
thrown [s\src\hotspot\share\classfile\systemDictionary.cpp, line 312]
Event: 4.404 Thread 0x0000020476808480 Exception <a 'java/lang/ClassNotFoundException'{0x00000000d695d1a8}: com/sun/org/apache/xerces/internal/impl/msg/spi/XMLMessagesProvider> (0x00000000d695d1a8) 
thrown [s\src\hotspot\share\classfile\systemDictionary.cpp, line 312]
Event: 4.606 Thread 0x0000020476808480 Exception <a 'java/lang/ClassNotFoundException'{0x00000000d5ad9760}: com/sun/org/apache/xml/internal/serializer/spi/XMLEntitiesProvider> (0x00000000d5ad9760) 
thrown [s\src\hotspot\share\classfile\systemDictionary.cpp, line 312]

ZGC Phase Switch (0 events):
No events

VM Operations (20 events):
Event: 3.563 Executing VM operation: ParallelGCFailedAllocation (Allocation Failure) done
Event: 3.833 Executing VM operation: ParallelGCFailedAllocation (Allocation Failure)
Event: 3.837 Executing VM operation: ParallelGCFailedAllocation (Allocation Failure) done
Event: 3.849 Executing VM operation: CollectForMetadataAllocation (Metadata GC Threshold)
Event: 3.878 Executing VM operation: CollectForMetadataAllocation (Metadata GC Threshold) done
Event: 4.036 Executing VM operation: ParallelGCFailedAllocation (Allocation Failure)
Event: 4.037 Executing VM operation: ParallelGCFailedAllocation (Allocation Failure) done
Event: 4.234 Executing VM operation: ParallelGCFailedAllocation (Allocation Failure)
Event: 4.236 Executing VM operation: ParallelGCFailedAllocation (Allocation Failure) done
Event: 4.446 Executing VM operation: ParallelGCFailedAllocation (Allocation Failure)
Event: 4.449 Executing VM operation: ParallelGCFailedAllocation (Allocation Failure) done
Event: 4.480 Executing VM operation: HandshakeAllThreads (Deoptimize)
Event: 4.480 Executing VM operation: HandshakeAllThreads (Deoptimize) done
Event: 4.604 Executing VM operation: HandshakeAllThreads (Deoptimize)
Event: 4.604 Executing VM operation: HandshakeAllThreads (Deoptimize) done
Event: 4.610 Executing VM operation: HandshakeAllThreads (Deoptimize)
Event: 4.610 Executing VM operation: HandshakeAllThreads (Deoptimize) done
Event: 4.639 Executing VM operation: HandshakeAllThreads (Deoptimize)
Event: 4.639 Executing VM operation: HandshakeAllThreads (Deoptimize) done
Event: 5.641 Executing VM operation: Cleanup

Memory protections (0 events):
No events

Nmethod flushes (0 events):
No events

Events (20 events):
Event: 0.116 Thread 0x0000020458e0d0a0 Thread added: 0x00000204718934e0
Event: 0.346 Thread 0x0000020458e0d0a0 Thread added: 0x00000204760efe50
Event: 0.508 Thread 0x00000204716cf030 Thread added: 0x00000204716ce960
Event: 1.301 Thread 0x0000020458e0d0a0 Thread added: 0x0000020476920920
Event: 1.531 Thread 0x0000020458e0d0a0 Thread added: 0x000002047693f800
Event: 1.574 Thread 0x000002047693f800 Thread added: 0x000002047680b860
Event: 1.578 Thread 0x0000020458e0d0a0 Thread added: 0x0000020476808480
Event: 1.831 Thread 0x00000204716ce960 Thread exited: 0x00000204716ce960
Event: 1.838 Thread 0x00000204716cf030 Thread added: 0x00000204716ce290
Event: 2.130 Thread 0x0000020476808480 Thread added: 0x0000020477134650
Event: 2.223 Thread 0x00000204716ce290 Thread exited: 0x00000204716ce290
Event: 2.539 Thread 0x0000020476808480 Thread added: 0x0000020476f45930
Event: 2.991 Thread 0x0000020476808480 Thread added: 0x0000020476e8ad60
Event: 3.183 Thread 0x00000204716cf030 Thread added: 0x00000204716ce290
Event: 3.406 Thread 0x00000204716ce290 Thread exited: 0x00000204716ce290
Event: 3.414 Thread 0x0000020476808480 Thread added: 0x0000020476e8a6d0
Event: 3.438 Thread 0x0000020476808480 Thread added: 0x0000020476e8b3f0
Event: 3.460 Thread 0x0000020476808480 Thread added: 0x0000020476e8ce30
Event: 4.424 Thread 0x00000204716cf030 Thread added: 0x00000204716cd4f0
Event: 4.430 Thread 0x0000020476808480 Thread added: 0x0000020476e8ba80


Dynamic libraries:
0x00007ff61bf80000 - 0x00007ff61bf8e000 	c:\Users\Admin\.vscode\extensions\redhat.java-1.52.0-win32-x64\jre\21.0.9-win32-x86_64\bin\java.exe
0x00007ff949b40000 - 0x00007ff949da7000 	C:\WINDOWS\SYSTEM32\ntdll.dll
0x00007ff947c90000 - 0x00007ff947d59000 	C:\WINDOWS\System32\KERNEL32.DLL
0x00007ff946ea0000 - 0x00007ff94728f000 	C:\WINDOWS\System32\KERNELBASE.dll
0x00007ff947350000 - 0x00007ff94749b000 	C:\WINDOWS\System32\ucrtbase.dll
0x00007ff928260000 - 0x00007ff928278000 	c:\Users\Admin\.vscode\extensions\redhat.java-1.52.0-win32-x64\jre\21.0.9-win32-x86_64\bin\jli.dll
0x00007ff938310000 - 0x00007ff93832e000 	c:\Users\Admin\.vscode\extensions\redhat.java-1.52.0-win32-x64\jre\21.0.9-win32-x86_64\bin\VCRUNTIME140.dll
0x00007ff9494f0000 - 0x00007ff9496b5000 	C:\WINDOWS\System32\USER32.dll
0x00007ff946c90000 - 0x00007ff946cb7000 	C:\WINDOWS\System32\win32u.dll
0x00007ff948510000 - 0x00007ff94853b000 	C:\WINDOWS\System32\GDI32.dll
0x00007ff946cc0000 - 0x00007ff946dec000 	C:\WINDOWS\System32\gdi32full.dll
0x00007ff946df0000 - 0x00007ff946e93000 	C:\WINDOWS\System32\msvcp_win.dll
0x00007ff9344a0000 - 0x00007ff934733000 	C:\WINDOWS\WinSxS\amd64_microsoft.windows.common-controls_6595b64144ccf1df_6.0.26100.7309_none_3e05feeae336a044\COMCTL32.dll
0x00007ff948210000 - 0x00007ff9482b9000 	C:\WINDOWS\System32\msvcrt.dll
0x00007ff947c00000 - 0x00007ff947c31000 	C:\WINDOWS\System32\IMM32.DLL
0x00007ff938300000 - 0x00007ff93830c000 	c:\Users\Admin\.vscode\extensions\redhat.java-1.52.0-win32-x64\jre\21.0.9-win32-x86_64\bin\vcruntime140_1.dll
0x00007ff915660000 - 0x00007ff9156ed000 	c:\Users\Admin\.vscode\extensions\redhat.java-1.52.0-win32-x64\jre\21.0.9-win32-x86_64\bin\msvcp140.dll
0x00007ff8d4fa0000 - 0x00007ff8d5d40000 	c:\Users\Admin\.vscode\extensions\redhat.java-1.52.0-win32-x64\jre\21.0.9-win32-x86_64\bin\server\jvm.dll
0x00007ff9483e0000 - 0x00007ff948494000 	C:\WINDOWS\System32\ADVAPI32.dll
0x00007ff947ac0000 - 0x00007ff947b66000 	C:\WINDOWS\System32\sechost.dll
0x00007ff9482c0000 - 0x00007ff9483d8000 	C:\WINDOWS\System32\RPCRT4.dll
0x00007ff9496f0000 - 0x00007ff949764000 	C:\WINDOWS\System32\WS2_32.dll
0x00007ff946b10000 - 0x00007ff946b6e000 	C:\WINDOWS\SYSTEM32\POWRPROF.dll
0x00007ff93f2f0000 - 0x00007ff93f325000 	C:\WINDOWS\SYSTEM32\WINMM.dll
0x00007ff943f60000 - 0x00007ff943f6b000 	C:\WINDOWS\SYSTEM32\VERSION.dll
0x00007ff946af0000 - 0x00007ff946b04000 	C:\WINDOWS\SYSTEM32\UMPDC.dll
0x00007ff945a40000 - 0x00007ff945a5b000 	C:\WINDOWS\SYSTEM32\kernel.appcore.dll
0x00007ff938290000 - 0x00007ff93829a000 	c:\Users\Admin\.vscode\extensions\redhat.java-1.52.0-win32-x64\jre\21.0.9-win32-x86_64\bin\jimage.dll
0x00007ff944420000 - 0x00007ff944662000 	C:\WINDOWS\SYSTEM32\DBGHELP.DLL
0x00007ff949770000 - 0x00007ff949af6000 	C:\WINDOWS\System32\combase.dll
0x00007ff948720000 - 0x00007ff9487f6000 	C:\WINDOWS\System32\OLEAUT32.dll
0x00007ff933540000 - 0x00007ff93357c000 	C:\WINDOWS\SYSTEM32\dbgcore.DLL
0x00007ff9472a0000 - 0x00007ff947345000 	C:\WINDOWS\System32\bcryptPrimitives.dll
0x00007ff937c10000 - 0x00007ff937c1f000 	c:\Users\Admin\.vscode\extensions\redhat.java-1.52.0-win32-x64\jre\21.0.9-win32-x86_64\bin\instrument.dll
0x00007ff926fa0000 - 0x00007ff926fc0000 	c:\Users\Admin\.vscode\extensions\redhat.java-1.52.0-win32-x64\jre\21.0.9-win32-x86_64\bin\java.dll
0x00007ff948d90000 - 0x00007ff9494e3000 	C:\WINDOWS\System32\SHELL32.dll
0x00007ff9474a0000 - 0x00007ff94760a000 	C:\WINDOWS\System32\wintypes.dll
0x00007ff944860000 - 0x00007ff9450be000 	C:\WINDOWS\SYSTEM32\windows.storage.dll
0x00007ff948c10000 - 0x00007ff948d05000 	C:\WINDOWS\System32\SHCORE.dll
0x00007ff9484a0000 - 0x00007ff948506000 	C:\WINDOWS\System32\shlwapi.dll
0x00007ff946bb0000 - 0x00007ff946bd9000 	C:\WINDOWS\SYSTEM32\profapi.dll
0x00007ff922080000 - 0x00007ff922098000 	c:\Users\Admin\.vscode\extensions\redhat.java-1.52.0-win32-x64\jre\21.0.9-win32-x86_64\bin\zip.dll
0x00007ff9375a0000 - 0x00007ff9375b0000 	C:\Users\Admin\.vscode\extensions\redhat.java-1.52.0-win32-x64\jre\21.0.9-win32-x86_64\bin\net.dll
0x00007ff93f1c0000 - 0x00007ff93f2e8000 	C:\WINDOWS\SYSTEM32\WINHTTP.dll
0x00007ff945fb0000 - 0x00007ff94601b000 	C:\WINDOWS\system32\mswsock.dll
0x00007ff921890000 - 0x00007ff9218a6000 	C:\Users\Admin\.vscode\extensions\redhat.java-1.52.0-win32-x64\jre\21.0.9-win32-x86_64\bin\nio.dll
0x00007ff935160000 - 0x00007ff935170000 	c:\Users\Admin\.vscode\extensions\redhat.java-1.52.0-win32-x64\jre\21.0.9-win32-x86_64\bin\verify.dll
0x00007ff926570000 - 0x00007ff9265b5000 	C:\Users\Admin\AppData\Roaming\Code\User\globalStorage\redhat.java\1.52.0\config_win\org.eclipse.equinox.launcher\org.eclipse.equinox.launcher.win32.win32.x86_64_1.2.1500.v20260121-1430\eclipse_11919.dll
0x00007ff948810000 - 0x00007ff9489a7000 	C:\WINDOWS\System32\ole32.dll
0x00007ff946280000 - 0x00007ff94629b000 	C:\WINDOWS\SYSTEM32\CRYPTSP.dll
0x00007ff9459a0000 - 0x00007ff9459da000 	C:\WINDOWS\system32\rsaenh.dll
0x00007ff946060000 - 0x00007ff94608b000 	C:\WINDOWS\SYSTEM32\USERENV.dll
0x00007ff946b80000 - 0x00007ff946baa000 	C:\WINDOWS\SYSTEM32\bcrypt.dll
0x00007ff946270000 - 0x00007ff94627c000 	C:\WINDOWS\SYSTEM32\CRYPTBASE.dll
0x00007ff945550000 - 0x00007ff945584000 	C:\WINDOWS\SYSTEM32\IPHLPAPI.DLL
0x00007ff948800000 - 0x00007ff94880a000 	C:\WINDOWS\System32\NSI.dll
0x00007ff9263e0000 - 0x00007ff926429000 	C:\Users\Admin\AppData\Local\Temp\jna-63116079\jna11228233800321432261.dll
0x00007ff947ab0000 - 0x00007ff947ab8000 	C:\WINDOWS\System32\PSAPI.DLL

JVMTI agents:
c:\Users\Admin\.vscode\extensions\redhat.java-1.52.0-win32-x64\lombok\lombok-1.18.39-4050.jar path:c:\Users\Admin\.vscode\extensions\redhat.java-1.52.0-win32-x64\jre\21.0.9-win32-x86_64\bin\instrument.dll, loaded, initialized, instrumentlib options:none

dbghelp: loaded successfully - version: 4.0.5 - missing functions: none
symbol engine: initialized successfully - sym options: 0x614 - pdb path: .;c:\Users\Admin\.vscode\extensions\redhat.java-1.52.0-win32-x64\jre\21.0.9-win32-x86_64\bin;C:\WINDOWS\SYSTEM32;C:\WINDOWS\WinSxS\amd64_microsoft.windows.common-controls_6595b64144ccf1df_6.0.26100.7309_none_3e05feeae336a044;c:\Users\Admin\.vscode\extensions\redhat.java-1.52.0-win32-x64\jre\21.0.9-win32-x86_64\bin\server;C:\Users\Admin\AppData\Roaming\Code\User\globalStorage\redhat.java\1.52.0\config_win\org.eclipse.equinox.launcher\org.eclipse.equinox.launcher.win32.win32.x86_64_1.2.1500.v20260121-1430;C:\Users\Admin\AppData\Local\Temp\jna-63116079

VM Arguments:
jvm_args: --add-modules=ALL-SYSTEM --add-opens=java.base/java.util=ALL-UNNAMED --add-opens=java.base/java.lang=ALL-UNNAMED --add-opens=java.base/sun.nio.fs=ALL-UNNAMED -Declipse.application=org.eclipse.jdt.ls.core.id1 -Dosgi.bundles.defaultStartLevel=4 -Declipse.product=org.eclipse.jdt.ls.core.product -Djava.import.generatesMetadataFilesAtProjectRoot=false -DDetectVMInstallationsJob.disabled=true -Dfile.encoding=utf8 -XX:+UseParallelGC -XX:GCTimeRatio=4 -XX:AdaptiveSizePolicyWeight=90 -Dsun.zip.disableMemoryMapping=true -Xmx2G -Xms100m -Xlog:disable -javaagent:c:\Users\Admin\.vscode\extensions\redhat.java-1.52.0-win32-x64\lombok\lombok-1.18.39-4050.jar -XX:+HeapDumpOnOutOfMemoryError -XX:HeapDumpPath=c:\Users\Admin\AppData\Roaming\Code\User\workspaceStorage\7e085b9667685a0ddc4c2dbeedeef8bb\redhat.java -Daether.dependencyCollector.impl=bf 
java_command: c:\Users\Admin\.vscode\extensions\redhat.java-1.52.0-win32-x64\server\plugins\org.eclipse.equinox.launcher_1.7.100.v20251111-0406.jar -configuration c:\Users\Admin\AppData\Roaming\Code\User\globalStorage\redhat.java\1.52.0\config_win -data c:\Users\Admin\AppData\Roaming\Code\User\workspaceStorage\7e085b9667685a0ddc4c2dbeedeef8bb\redhat.java\jdt_ws --pipe=\\.\pipe\lsp-f5d83dd959d3598c3c09133a03897f05-sock
java_class_path (initial): c:\Users\Admin\.vscode\extensions\redhat.java-1.52.0-win32-x64\server\plugins\org.eclipse.equinox.launcher_1.7.100.v20251111-0406.jar
Launcher Type: SUN_STANDARD

[Global flags]
    uintx AdaptiveSizePolicyWeight                 = 90                                        {product} {command line}
     intx CICompilerCount                          = 4                                         {product} {ergonomic}
    uintx GCTimeRatio                              = 4                                         {product} {command line}
     bool HeapDumpOnOutOfMemoryError               = true                                   {manageable} {command line}
    ccstr HeapDumpPath                             = c:\Users\Admin\AppData\Roaming\Code\User\workspaceStorage\7e085b9667685a0ddc4c2dbeedeef8bb\redhat.java         {manageable} {command line}
   size_t InitialHeapSize                          = 104857600                                 {product} {command line}
   size_t MaxHeapSize                              = 2147483648                                {product} {command line}
   size_t MaxNewSize                               = 715653120                                 {product} {ergonomic}
   size_t MinHeapDeltaBytes                        = 524288                                    {product} {ergonomic}
   size_t MinHeapSize                              = 104857600                                 {product} {command line}
   size_t NewSize                                  = 34603008                                  {product} {ergonomic}
    uintx NonNMethodCodeHeapSize                   = 5839372                                {pd product} {ergonomic}
    uintx NonProfiledCodeHeapSize                  = 122909434                              {pd product} {ergonomic}
   size_t OldSize                                  = 70254592                                  {product} {ergonomic}
    uintx ProfiledCodeHeapSize                     = 122909434                              {pd product} {ergonomic}
    uintx ReservedCodeCacheSize                    = 251658240                              {pd product} {ergonomic}
     bool SegmentedCodeCache                       = true                                      {product} {ergonomic}
   size_t SoftMaxHeapSize                          = 2147483648                             {manageable} {ergonomic}
     bool UseCompressedOops                        = true                           {product lp64_product} {ergonomic}
     bool UseLargePagesIndividualAllocation        = false                                  {pd product} {ergonomic}
     bool UseParallelGC                            = true                                      {product} {command line}

Logging:
Log output configuration:
 #0: stdout all=off uptime,level,tags foldmultilines=false
 #1: stderr all=off uptime,level,tags foldmultilines=false

Release file:
JAVA_VERSION="21.0.9" 
MODULES="java.base java.compiler java.datatransfer java.xml java.prefs java.desktop java.instrument java.logging java.management java.security.sasl java.naming java.rmi java.management.rmi java.net.http java.scripting java.security.jgss java.transaction.xa java.sql java.sql.rowset java.xml.crypto java.se java.smartcardio jdk.accessibility jdk.internal.jvmstat jdk.attach jdk.charsets jdk.internal.opt jdk.zipfs jdk.compiler jdk.crypto.ec jdk.crypto.cryptoki jdk.crypto.mscapi jdk.dynalink jdk.internal.ed jdk.editpad jdk.hotspot.agent jdk.httpserver jdk.internal.le jdk.internal.vm.ci jdk.internal.vm.compiler jdk.internal.vm.compiler.management jdk.jartool jdk.javadoc jdk.jcmd jdk.management jdk.management.agent jdk.jconsole jdk.jdeps jdk.jdwp.agent jdk.jdi jdk.jfr jdk.jshell jdk.jsobject jdk.jstatd jdk.localedata jdk.management.jfr jdk.naming.dns jdk.naming.rmi jdk.net jdk.nio.mapmode jdk.random jdk.sctp jdk.security.auth jdk.security.jgss jdk.unsupported jdk.unsupported.desktop jdk.xml.dom" 

Environment Variables:
PATH=C:\Program Files\Common Files\Oracle\Java\javapath;C:\WINDOWS\system32;C:\WINDOWS;C:\WINDOWS\System32\Wbem;C:\WINDOWS\System32\WindowsPowerShell\v1.0\;C:\WINDOWS\System32\OpenSSH\;C:\Program Files\Git\cmd;C:\Program Files\nodejs\;C:\Program Files\dotnet\;C:\Program Files\Docker\Docker\resources\bin;C:\Users\Admin\AppData\Local\Microsoft\WindowsApps;C:\Users\Admin\AppData\Local\Programs\Microsoft VS Code\bin;C:\msys64\ucrt64\bin;C:\Users\Admin\AppData\Roaming\npm;C:\Users\Admin\.dotnet\tools;C:\Program Files\JetBrains\IntelliJ IDEA 2025.3.2\bin
USERNAME=Admin
OS=Windows_NT
PROCESSOR_IDENTIFIER=AMD64 Family 25 Model 80 Stepping 0, AuthenticAMD
TMP=C:\Users\Admin\AppData\Local\Temp
TEMP=C:\Users\Admin\AppData\Local\Temp




Periodic native trim disabled

---------------  S Y S T E M  ---------------

OS:
 Windows 11 , 64 bit Build 26100 (10.0.26100.7623)
OS uptime: 22 days 21:06 hours
Hyper-V role detected

CPU: total 12 (initial active 12) (12 cores per cpu, 2 threads per core) family 25 model 80 stepping 0 microcode 0xa50000f, cx8, cmov, fxsr, ht, mmx, 3dnowpref, sse, sse2, sse3, ssse3, sse4a, sse4.1, sse4.2, popcnt, lzcnt, tsc, tscinvbit, avx, avx2, aes, erms, clmul, bmi1, bmi2, adx, sha, fma, vzeroupper, clflush, clflushopt, hv, rdtscp, rdpid, fsrm, f16c, cet_ss
Processor Information for processor 0
  Max Mhz: 2301, Current Mhz: 1990, Mhz Limit: 2301
Processor Information for processor 1
  Max Mhz: 2301, Current Mhz: 2301, Mhz Limit: 2301
Processor Information for processor 2
  Max Mhz: 2301, Current Mhz: 2301, Mhz Limit: 2301
Processor Information for processor 3
  Max Mhz: 2301, Current Mhz: 1990, Mhz Limit: 2301
Processor Information for processor 4
  Max Mhz: 2301, Current Mhz: 2301, Mhz Limit: 2301
Processor Information for processor 5
  Max Mhz: 2301, Current Mhz: 1990, Mhz Limit: 2301
Processor Information for processor 6
  Max Mhz: 2301, Current Mhz: 1990, Mhz Limit: 2301
Processor Information for processor 7
  Max Mhz: 2301, Current Mhz: 2301, Mhz Limit: 2301
Processor Information for processor 8
  Max Mhz: 2301, Current Mhz: 2301, Mhz Limit: 2301
Processor Information for processor 9
  Max Mhz: 2301, Current Mhz: 1990, Mhz Limit: 2301
Processor Information for processor 10
  Max Mhz: 2301, Current Mhz: 2301, Mhz Limit: 2301
Processor Information for processor 11
  Max Mhz: 2301, Current Mhz: 1990, Mhz Limit: 2301

Memory: 4k page, system-wide physical 14188M (1575M free)
TotalPageFile size 42116M (AvailPageFile size 6M)
current process WorkingSet (physical memory assigned to process): 172M, peak: 176M
current process commit charge ("private bytes"): 305M, peak: 311M

vm_info: OpenJDK 64-Bit Server VM (21.0.9+10-LTS) for windows-amd64 JRE (21.0.9+10-LTS), built on 2025-10-21T00:00:00Z by "admin" with unknown MS VC++:1942

END.
